-------------------------------------------------------------------------------
Test set: Grupo2.PedidoPCTest
-------------------------------------------------------------------------------
Tests run: 8, Failures: 1, Errors: 0, Skipped: 0, Time elapsed: 0.07 s <<< FAILURE! - in Grupo2.PedidoPCTest
productoConAtributosPreservadosTest  Time elapsed: 0.016 s  <<< FAILURE!
org.opentest4j.AssertionFailedError: expected: <Modelo.Producto@170ab1> but was: <Modelo.Producto@26f>
	at Grupo2.PedidoPCTest.productoConAtributosPreservadosTest(PedidoPCTest.java:48)

