<?xml version="1.0" encoding="UTF-8"?>
<testsuite xmlns:xsi="http://www.w3.org/2001/XMLSchema-instance" xsi:noNamespaceSchemaLocation="https://maven.apache.org/surefire/maven-surefire-plugin/xsd/surefire-test-report.xsd" name="Grupo2.IntegracionTest" time="0.068" tests="5" errors="0" skipped="0" failures="0">
  <properties>
[...]
</properties>
  <testcase name="errorFuncionBaseTest" classname="Grupo2.IntegracionTest" time="0.041"/>
  <testcase name="combinacionValidacionesTest" classname="Grupo2.IntegracionTest" time="0"/>
  <testcase name="errorFuncionSecundariaTest" classname="Grupo2.IntegracionTest" time="0.001"/>
  <testcase name="valorLimiteDescuentoTest" classname="Grupo2.IntegracionTest" time="0.007"/>
  <testcase name="integracionCorrectaTest" classname="Grupo2.IntegracionTest" time="0.004"/>
</testsuite>